<?xml version="1.0" encoding="UTF-8"?>
<coverage generated="1744561516275" clover="3.2.0">
  <project timestamp="1744561516275" name="All files">
    <metrics statements="115" coveredstatements="18" conditionals="57" coveredconditionals="1" methods="29" coveredmethods="0" elements="201" coveredelements="19" complexity="0" loc="115" ncloc="115" packages="4" files="7" classes="7"/>
    <package name="MovieSwipe">
      <metrics statements="14" coveredstatements="0" conditionals="8" coveredconditionals="0" methods="5" coveredmethods="0"/>
      <file name="App.tsx" path="E:\TRAVAIL\ORACLE\MovieSwipe\App.tsx">
        <metrics statements="13" coveredstatements="0" conditionals="8" coveredconditionals="0" methods="5" coveredmethods="0"/>
        <line num="10" count="0" type="cond" truecount="0" falsecount="2"/>
        <line num="13" count="0" type="stmt"/>
        <line num="14" count="0" type="stmt"/>
        <line num="16" count="0" type="stmt"/>
        <line num="17" count="0" type="cond" truecount="0" falsecount="2"/>
        <line num="18" count="0" type="stmt"/>
        <line num="23" count="0" type="stmt"/>
        <line num="24" count="0" type="stmt"/>
        <line num="26" count="0" type="stmt"/>
        <line num="27" count="0" type="cond" truecount="0" falsecount="2"/>
        <line num="28" count="0" type="stmt"/>
        <line num="32" count="0" type="stmt"/>
        <line num="55" count="0" type="stmt"/>
      </file>
      <file name="index.ts" path="E:\TRAVAIL\ORACLE\MovieSwipe\index.ts">
        <metrics statements="1" coveredstatements="0" conditionals="0" coveredconditionals="0" methods="0" coveredmethods="0"/>
        <line num="8" count="0" type="stmt"/>
      </file>
    </package>
    <package name="MovieSwipe.src.components">
      <metrics statements="75" coveredstatements="4" conditionals="36" coveredconditionals="0" methods="18" coveredmethods="0"/>
      <file name="MovieStack.tsx" path="E:\TRAVAIL\ORACLE\MovieSwipe\src\components\MovieStack.tsx">
        <metrics statements="33" coveredstatements="0" conditionals="14" coveredconditionals="0" methods="7" coveredmethods="0"/>
        <line num="8" count="0" type="stmt"/>
        <line num="9" count="0" type="stmt"/>
        <line num="10" count="0" type="stmt"/>
        <line num="12" count="0" type="stmt"/>
        <line num="13" count="0" type="stmt"/>
        <line num="16" count="0" type="stmt"/>
        <line num="19" count="0" type="stmt"/>
        <line num="22" count="0" type="stmt"/>
        <line num="23" count="0" type="stmt"/>
        <line num="27" count="0" type="stmt"/>
        <line num="29" count="0" type="cond" truecount="0" falsecount="2"/>
        <line num="30" count="0" type="stmt"/>
        <line num="33" count="0" type="stmt"/>
        <line num="36" count="0" type="stmt"/>
        <line num="37" count="0" type="stmt"/>
        <line num="41" count="0" type="cond" truecount="0" falsecount="2"/>
        <line num="42" count="0" type="stmt"/>
        <line num="43" count="0" type="cond" truecount="0" falsecount="2"/>
        <line num="44" count="0" type="stmt"/>
        <line num="49" count="0" type="stmt"/>
        <line num="50" count="0" type="cond" truecount="0" falsecount="2"/>
        <line num="52" count="0" type="stmt"/>
        <line num="60" count="0" type="stmt"/>
        <line num="64" count="0" type="stmt"/>
        <line num="65" count="0" type="stmt"/>
        <line num="66" count="0" type="stmt"/>
        <line num="69" count="0" type="stmt"/>
        <line num="72" count="0" type="stmt"/>
        <line num="78" count="0" type="stmt"/>
        <line num="85" count="0" type="stmt"/>
        <line num="94" count="0" type="stmt"/>
        <line num="109" count="0" type="stmt"/>
        <line num="116" count="0" type="stmt"/>
      </file>
      <file name="SwipeCard.tsx" path="E:\TRAVAIL\ORACLE\MovieSwipe\src\components\SwipeCard.tsx">
        <metrics statements="42" coveredstatements="4" conditionals="22" coveredconditionals="0" methods="11" coveredmethods="0"/>
        <line num="25" count="1" type="stmt"/>
        <line num="26" count="1" type="stmt"/>
        <line num="29" count="0" type="stmt"/>
        <line num="32" count="1" type="cond" truecount="0" falsecount="1"/>
        <line num="34" count="0" type="stmt"/>
        <line num="35" count="0" type="stmt"/>
        <line num="36" count="0" type="stmt"/>
        <line num="37" count="0" type="cond" truecount="0" falsecount="2"/>
        <line num="40" count="0" type="stmt"/>
        <line num="41" count="0" type="stmt"/>
        <line num="44" count="0" type="stmt"/>
        <line num="45" count="0" type="cond" truecount="0" falsecount="2"/>
        <line num="47" count="0" type="stmt"/>
        <line num="68" count="0" type="stmt"/>
        <line num="69" count="0" type="stmt"/>
        <line num="71" count="0" type="cond" truecount="0" falsecount="2"/>
        <line num="75" count="0" type="stmt"/>
        <line num="78" count="0" type="stmt"/>
        <line num="88" count="0" type="stmt"/>
        <line num="89" count="0" type="stmt"/>
        <line num="91" count="0" type="stmt"/>
        <line num="100" count="0" type="stmt"/>
        <line num="107" count="0" type="cond" truecount="0" falsecount="2"/>
        <line num="108" count="0" type="cond" truecount="0" falsecount="2"/>
        <line num="109" count="0" type="stmt"/>
        <line num="112" count="0" type="stmt"/>
        <line num="117" count="0" type="stmt"/>
        <line num="121" count="0" type="cond" truecount="0" falsecount="1"/>
        <line num="123" count="0" type="cond" truecount="0" falsecount="2"/>
        <line num="124" count="0" type="stmt"/>
        <line num="127" count="0" type="cond" truecount="0" falsecount="2"/>
        <line num="132" count="0" type="stmt"/>
        <line num="135" count="0" type="stmt"/>
        <line num="148" count="0" type="stmt"/>
        <line num="153" count="0" type="stmt"/>
        <line num="154" count="0" type="stmt"/>
        <line num="163" count="0" type="stmt"/>
        <line num="169" count="0" type="stmt"/>
        <line num="176" count="0" type="stmt"/>
        <line num="187" count="0" type="stmt"/>
        <line num="192" count="0" type="stmt"/>
        <line num="219" count="1" type="stmt"/>
      </file>
    </package>
    <package name="MovieSwipe.src.types">
      <metrics statements="0" coveredstatements="0" conditionals="0" coveredconditionals="0" methods="0" coveredmethods="0"/>
      <file name="index.ts" path="E:\TRAVAIL\ORACLE\MovieSwipe\src\types\index.ts">
        <metrics statements="0" coveredstatements="0" conditionals="0" coveredconditionals="0" methods="0" coveredmethods="0"/>
      </file>
    </package>
    <package name="MovieSwipe.src.utils">
      <metrics statements="26" coveredstatements="14" conditionals="13" coveredconditionals="1" methods="6" coveredmethods="0"/>
      <file name="animations.ts" path="E:\TRAVAIL\ORACLE\MovieSwipe\src\utils\animations.ts">
        <metrics statements="25" coveredstatements="14" conditionals="13" coveredconditionals="1" methods="6" coveredmethods="0"/>
        <line num="4" count="1" type="stmt"/>
        <line num="5" count="1" type="stmt"/>
        <line num="8" count="1" type="stmt"/>
        <line num="11" count="1" type="cond" truecount="1" falsecount="1"/>
        <line num="14" count="1" type="stmt"/>
        <line num="15" count="1" type="stmt"/>
        <line num="16" count="1" type="stmt"/>
        <line num="17" count="1" type="stmt"/>
        <line num="20" count="1" type="stmt"/>
        <line num="22" count="0" type="cond" truecount="0" falsecount="2"/>
        <line num="23" count="0" type="stmt"/>
        <line num="26" count="0" type="cond" truecount="0" falsecount="2"/>
        <line num="27" count="0" type="stmt"/>
        <line num="28" count="0" type="stmt"/>
        <line num="31" count="0" type="stmt"/>
        <line num="35" count="1" type="stmt"/>
        <line num="37" count="0" type="cond" truecount="0" falsecount="2"/>
        <line num="40" count="1" type="stmt"/>
        <line num="42" count="0" type="cond" truecount="0" falsecount="2"/>
        <line num="46" count="1" type="stmt"/>
        <line num="48" count="0" type="stmt"/>
        <line num="52" count="1" type="stmt"/>
        <line num="54" count="0" type="stmt"/>
        <line num="58" count="1" type="stmt"/>
        <line num="62" count="0" type="stmt"/>
      </file>
      <file name="mockData.ts" path="E:\TRAVAIL\ORACLE\MovieSwipe\src\utils\mockData.ts">
        <metrics statements="1" coveredstatements="0" conditionals="0" coveredconditionals="0" methods="0" coveredmethods="0"/>
        <line num="3" count="0" type="stmt"/>
      </file>
    </package>
  </project>
</coverage>
