{"E:\\TRAVAIL\\ORACLE\\MovieSwipe\\App.tsx": {"path":"E:\\TRAVAIL\\ORACLE\\MovieSwipe\\App.tsx","statementMap":{"0":{"start":{"line":10,"column":42},"end":{"line":10,"column":88}},"1":{"start":{"line":13,"column":26},"end":{"line":20,"column":8}},"2":{"start":{"line":14,"column":4},"end":{"line":14,"column":44}},"3":{"start":{"line":16,"column":22},"end":{"line":16,"column":71}},"4":{"start":{"line":16,"column":49},"end":{"line":16,"column":66}},"5":{"start":{"line":17,"column":4},"end":{"line":19,"column":5}},"6":{"start":{"line":18,"column":6},"end":{"line":18,"column":46}},"7":{"start":{"line":23,"column":27},"end":{"line":30,"column":8}},"8":{"start":{"line":24,"column":4},"end":{"line":24,"column":41}},"9":{"start":{"line":26,"column":22},"end":{"line":26,"column":71}},"10":{"start":{"line":26,"column":49},"end":{"line":26,"column":66}},"11":{"start":{"line":27,"column":4},"end":{"line":29,"column":5}},"12":{"start":{"line":28,"column":6},"end":{"line":28,"column":46}},"13":{"start":{"line":32,"column":2},"end":{"line":52,"column":4}},"14":{"start":{"line":55,"column":15},"end":{"line":67,"column":2}}},"fnMap":{"0":{"name":"App","decl":{"start":{"line":9,"column":24},"end":{"line":9,"column":27}},"loc":{"start":{"line":9,"column":30},"end":{"line":53,"column":1}},"line":9},"1":{"name":"(anonymous_1)","decl":{"start":{"line":13,"column":38},"end":{"line":13,"column":39}},"loc":{"start":{"line":13,"column":56},"end":{"line":20,"column":3}},"line":13},"2":{"name":"(anonymous_2)","decl":{"start":{"line":16,"column":44},"end":{"line":16,"column":45}},"loc":{"start":{"line":16,"column":49},"end":{"line":16,"column":66}},"line":16},"3":{"name":"(anonymous_3)","decl":{"start":{"line":23,"column":39},"end":{"line":23,"column":40}},"loc":{"start":{"line":23,"column":57},"end":{"line":30,"column":3}},"line":23},"4":{"name":"(anonymous_4)","decl":{"start":{"line":26,"column":44},"end":{"line":26,"column":45}},"loc":{"start":{"line":26,"column":49},"end":{"line":26,"column":66}},"line":26}},"branchMap":{"0":{"loc":{"start":{"line":10,"column":65},"end":{"line":10,"column":87}},"type":"binary-expr","locations":[{"start":{"line":10,"column":65},"end":{"line":10,"column":79}},{"start":{"line":10,"column":83},"end":{"line":10,"column":87}}],"line":10},"1":{"loc":{"start":{"line":17,"column":4},"end":{"line":19,"column":5}},"type":"if","locations":[{"start":{"line":17,"column":4},"end":{"line":19,"column":5}},{"start":{},"end":{}}],"line":17},"2":{"loc":{"start":{"line":27,"column":4},"end":{"line":29,"column":5}},"type":"if","locations":[{"start":{"line":27,"column":4},"end":{"line":29,"column":5}},{"start":{},"end":{}}],"line":27},"3":{"loc":{"start":{"line":35,"column":7},"end":{"line":43,"column":7}},"type":"binary-expr","locations":[{"start":{"line":35,"column":7},"end":{"line":35,"column":19}},{"start":{"line":36,"column":8},"end":{"line":42,"column":26}}],"line":35}},"s":{"0":0,"1":0,"2":0,"3":0,"4":0,"5":0,"6":0,"7":0,"8":0,"9":0,"10":0,"11":0,"12":0,"13":0,"14":0},"f":{"0":0,"1":0,"2":0,"3":0,"4":0},"b":{"0":[0,0],"1":[0,0],"2":[0,0],"3":[0,0]}}
,"E:\\TRAVAIL\\ORACLE\\MovieSwipe\\index.ts": {"path":"E:\\TRAVAIL\\ORACLE\\MovieSwipe\\index.ts","statementMap":{"0":{"start":{"line":8,"column":0},"end":{"line":8,"column":27}}},"fnMap":{},"branchMap":{},"s":{"0":0},"f":{},"b":{}}
,"E:\\TRAVAIL\\ORACLE\\MovieSwipe\\src\\components\\MovieStack.tsx": {"path":"E:\\TRAVAIL\\ORACLE\\MovieSwipe\\src\\components\\MovieStack.tsx","statementMap":{"0":{"start":{"line":8,"column":26},"end":{"line":8,"column":50}},"1":{"start":{"line":9,"column":19},"end":{"line":9,"column":31}},"2":{"start":{"line":10,"column":20},"end":{"line":10,"column":33}},"3":{"start":{"line":12,"column":46},"end":{"line":114,"column":1}},"4":{"start":{"line":13,"column":42},"end":{"line":13,"column":53}},"5":{"start":{"line":16,"column":29},"end":{"line":16,"column":66}},"6":{"start":{"line":19,"column":26},"end":{"line":19,"column":39}},"7":{"start":{"line":22,"column":2},"end":{"line":24,"column":41}},"8":{"start":{"line":23,"column":4},"end":{"line":23,"column":35}},"9":{"start":{"line":27,"column":22},"end":{"line":46,"column":33}},"10":{"start":{"line":29,"column":4},"end":{"line":29,"column":40}},"11":{"start":{"line":29,"column":33},"end":{"line":29,"column":40}},"12":{"start":{"line":30,"column":4},"end":{"line":30,"column":35}},"13":{"start":{"line":33,"column":4},"end":{"line":33,"column":48}},"14":{"start":{"line":33,"column":33},"end":{"line":33,"column":46}},"15":{"start":{"line":36,"column":4},"end":{"line":38,"column":11}},"16":{"start":{"line":37,"column":6},"end":{"line":37,"column":38}},"17":{"start":{"line":41,"column":4},"end":{"line":45,"column":5}},"18":{"start":{"line":42,"column":6},"end":{"line":42,"column":25}},"19":{"start":{"line":43,"column":11},"end":{"line":45,"column":5}},"20":{"start":{"line":44,"column":6},"end":{"line":44,"column":26}},"21":{"start":{"line":49,"column":22},"end":{"line":107,"column":3}},"22":{"start":{"line":50,"column":4},"end":{"line":57,"column":5}},"23":{"start":{"line":52,"column":6},"end":{"line":56,"column":8}},"24":{"start":{"line":60,"column":4},"end":{"line":106,"column":9}},"25":{"start":{"line":64,"column":26},"end":{"line":64,"column":37}},"26":{"start":{"line":65,"column":22},"end":{"line":65,"column":41}},"27":{"start":{"line":66,"column":27},"end":{"line":66,"column":47}},"28":{"start":{"line":69,"column":24},"end":{"line":69,"column":57}},"29":{"start":{"line":72,"column":30},"end":{"line":76,"column":10}},"30":{"start":{"line":78,"column":35},"end":{"line":82,"column":10}},"31":{"start":{"line":85,"column":26},"end":{"line":92,"column":9}},"32":{"start":{"line":94,"column":8},"end":{"line":105,"column":10}},"33":{"start":{"line":109,"column":2},"end":{"line":113,"column":4}},"34":{"start":{"line":116,"column":15},"end":{"line":149,"column":2}}},"fnMap":{"0":{"name":"(anonymous_0)","decl":{"start":{"line":12,"column":46},"end":{"line":12,"column":47}},"loc":{"start":{"line":12,"column":89},"end":{"line":114,"column":1}},"line":12},"1":{"name":"(anonymous_1)","decl":{"start":{"line":22,"column":12},"end":{"line":22,"column":13}},"loc":{"start":{"line":22,"column":18},"end":{"line":24,"column":3}},"line":22},"2":{"name":"(anonymous_2)","decl":{"start":{"line":27,"column":34},"end":{"line":27,"column":35}},"loc":{"start":{"line":27,"column":79},"end":{"line":46,"column":3}},"line":27},"3":{"name":"(anonymous_3)","decl":{"start":{"line":33,"column":20},"end":{"line":33,"column":21}},"loc":{"start":{"line":33,"column":33},"end":{"line":33,"column":46}},"line":33},"4":{"name":"(anonymous_4)","decl":{"start":{"line":36,"column":15},"end":{"line":36,"column":16}},"loc":{"start":{"line":36,"column":21},"end":{"line":38,"column":5}},"line":36},"5":{"name":"(anonymous_5)","decl":{"start":{"line":49,"column":22},"end":{"line":49,"column":23}},"loc":{"start":{"line":49,"column":28},"end":{"line":107,"column":3}},"line":49},"6":{"name":"(anonymous_6)","decl":{"start":{"line":62,"column":11},"end":{"line":62,"column":12}},"loc":{"start":{"line":62,"column":29},"end":{"line":106,"column":7}},"line":62}},"branchMap":{"0":{"loc":{"start":{"line":29,"column":4},"end":{"line":29,"column":40}},"type":"if","locations":[{"start":{"line":29,"column":4},"end":{"line":29,"column":40}},{"start":{},"end":{}}],"line":29},"1":{"loc":{"start":{"line":41,"column":4},"end":{"line":45,"column":5}},"type":"if","locations":[{"start":{"line":41,"column":4},"end":{"line":45,"column":5}},{"start":{"line":43,"column":11},"end":{"line":45,"column":5}}],"line":41},"2":{"loc":{"start":{"line":43,"column":11},"end":{"line":45,"column":5}},"type":"if","locations":[{"start":{"line":43,"column":11},"end":{"line":45,"column":5}},{"start":{},"end":{}}],"line":43},"3":{"loc":{"start":{"line":50,"column":4},"end":{"line":57,"column":5}},"type":"if","locations":[{"start":{"line":50,"column":4},"end":{"line":57,"column":5}},{"start":{},"end":{}}],"line":50},"4":{"loc":{"start":{"line":87,"column":21},"end":{"line":87,"column":54}},"type":"cond-expr","locations":[{"start":{"line":87,"column":33},"end":{"line":87,"column":38}},{"start":{"line":87,"column":41},"end":{"line":87,"column":54}}],"line":87},"5":{"loc":{"start":{"line":88,"column":26},"end":{"line":88,"column":69}},"type":"cond-expr","locations":[{"start":{"line":88,"column":38},"end":{"line":88,"column":48}},{"start":{"line":88,"column":51},"end":{"line":88,"column":69}}],"line":88},"6":{"loc":{"start":{"line":90,"column":19},"end":{"line":90,"column":42}},"type":"cond-expr","locations":[{"start":{"line":90,"column":31},"end":{"line":90,"column":32}},{"start":{"line":90,"column":35},"end":{"line":90,"column":42}}],"line":90}},"s":{"0":0,"1":0,"2":0,"3":0,"4":0,"5":0,"6":0,"7":0,"8":0,"9":0,"10":0,"11":0,"12":0,"13":0,"14":0,"15":0,"16":0,"17":0,"18":0,"19":0,"20":0,"21":0,"22":0,"23":0,"24":0,"25":0,"26":0,"27":0,"28":0,"29":0,"30":0,"31":0,"32":0,"33":0,"34":0},"f":{"0":0,"1":0,"2":0,"3":0,"4":0,"5":0,"6":0},"b":{"0":[0,0],"1":[0,0],"2":[0,0],"3":[0,0],"4":[0,0],"5":[0,0],"6":[0,0]}}
,"E:\\TRAVAIL\\ORACLE\\MovieSwipe\\src\\components\\SwipeCard.tsx": {"path":"E:\\TRAVAIL\\ORACLE\\MovieSwipe\\src\\components\\SwipeCard.tsx","statementMap":{"0":{"start":{"line":25,"column":0},"end":{"line":30,"column":1}},"1":{"start":{"line":26,"column":2},"end":{"line":26,"column":62}},"2":{"start":{"line":29,"column":2},"end":{"line":29,"column":18}},"3":{"start":{"line":32,"column":44},"end":{"line":217,"column":1}},"4":{"start":{"line":34,"column":19},"end":{"line":34,"column":57}},"5":{"start":{"line":35,"column":16},"end":{"line":35,"column":53}},"6":{"start":{"line":36,"column":18},"end":{"line":36,"column":55}},"7":{"start":{"line":37,"column":24},"end":{"line":37,"column":81}},"8":{"start":{"line":40,"column":20},"end":{"line":40,"column":33}},"9":{"start":{"line":41,"column":26},"end":{"line":41,"column":48}},"10":{"start":{"line":44,"column":2},"end":{"line":65,"column":49}},"11":{"start":{"line":45,"column":4},"end":{"line":64,"column":5}},"12":{"start":{"line":47,"column":6},"end":{"line":63,"column":17}},"13":{"start":{"line":68,"column":23},"end":{"line":118,"column":20}},"14":{"start":{"line":69,"column":4},"end":{"line":118,"column":6}},"15":{"start":{"line":71,"column":42},"end":{"line":71,"column":73}},"16":{"start":{"line":75,"column":8},"end":{"line":75,"column":67}},"17":{"start":{"line":78,"column":8},"end":{"line":82,"column":19}},"18":{"start":{"line":88,"column":35},"end":{"line":88,"column":45}},"19":{"start":{"line":89,"column":33},"end":{"line":89,"column":49}},"20":{"start":{"line":91,"column":8},"end":{"line":94,"column":11}},"21":{"start":{"line":100,"column":8},"end":{"line":104,"column":19}},"22":{"start":{"line":107,"column":8},"end":{"line":113,"column":9}},"23":{"start":{"line":108,"column":28},"end":{"line":108,"column":61}},"24":{"start":{"line":109,"column":10},"end":{"line":109,"column":44}},"25":{"start":{"line":112,"column":10},"end":{"line":112,"column":26}},"26":{"start":{"line":117,"column":46},"end":{"line":117,"column":51}},"27":{"start":{"line":121,"column":21},"end":{"line":150,"column":3}},"28":{"start":{"line":123,"column":4},"end":{"line":123,"column":34}},"29":{"start":{"line":123,"column":27},"end":{"line":123,"column":34}},"30":{"start":{"line":124,"column":4},"end":{"line":124,"column":29}},"31":{"start":{"line":127,"column":14},"end":{"line":129,"column":27}},"32":{"start":{"line":132,"column":29},"end":{"line":132,"column":81}},"33":{"start":{"line":135,"column":4},"end":{"line":149,"column":7}},"34":{"start":{"line":148,"column":6},"end":{"line":148,"column":32}},"35":{"start":{"line":153,"column":24},"end":{"line":160,"column":3}},"36":{"start":{"line":154,"column":4},"end":{"line":159,"column":15}},"37":{"start":{"line":163,"column":21},"end":{"line":167,"column":4}},"38":{"start":{"line":169,"column":20},"end":{"line":173,"column":4}},"39":{"start":{"line":176,"column":28},"end":{"line":184,"column":3}},"40":{"start":{"line":187,"column":26},"end":{"line":190,"column":3}},"41":{"start":{"line":192,"column":2},"end":{"line":216,"column":4}},"42":{"start":{"line":219,"column":15},"end":{"line":263,"column":2}}},"fnMap":{"0":{"name":"(anonymous_0)","decl":{"start":{"line":32,"column":44},"end":{"line":32,"column":45}},"loc":{"start":{"line":32,"column":86},"end":{"line":217,"column":1}},"line":32},"1":{"name":"(anonymous_1)","decl":{"start":{"line":44,"column":12},"end":{"line":44,"column":13}},"loc":{"start":{"line":44,"column":18},"end":{"line":65,"column":3}},"line":44},"2":{"name":"(anonymous_2)","decl":{"start":{"line":68,"column":31},"end":{"line":68,"column":32}},"loc":{"start":{"line":69,"column":4},"end":{"line":118,"column":6}},"line":69},"3":{"name":"(anonymous_3)","decl":{"start":{"line":71,"column":36},"end":{"line":71,"column":37}},"loc":{"start":{"line":71,"column":42},"end":{"line":71,"column":73}},"line":71},"4":{"name":"(anonymous_4)","decl":{"start":{"line":74,"column":27},"end":{"line":74,"column":28}},"loc":{"start":{"line":74,"column":43},"end":{"line":83,"column":7}},"line":74},"5":{"name":"(anonymous_5)","decl":{"start":{"line":86,"column":26},"end":{"line":86,"column":27}},"loc":{"start":{"line":86,"column":42},"end":{"line":95,"column":7}},"line":86},"6":{"name":"(anonymous_6)","decl":{"start":{"line":98,"column":29},"end":{"line":98,"column":30}},"loc":{"start":{"line":98,"column":45},"end":{"line":114,"column":7}},"line":98},"7":{"name":"(anonymous_7)","decl":{"start":{"line":117,"column":40},"end":{"line":117,"column":41}},"loc":{"start":{"line":117,"column":46},"end":{"line":117,"column":51}},"line":117},"8":{"name":"(anonymous_8)","decl":{"start":{"line":121,"column":21},"end":{"line":121,"column":22}},"loc":{"start":{"line":121,"column":66},"end":{"line":150,"column":3}},"line":121},"9":{"name":"(anonymous_9)","decl":{"start":{"line":146,"column":13},"end":{"line":146,"column":14}},"loc":{"start":{"line":146,"column":19},"end":{"line":149,"column":5}},"line":146},"10":{"name":"(anonymous_10)","decl":{"start":{"line":153,"column":24},"end":{"line":153,"column":25}},"loc":{"start":{"line":153,"column":30},"end":{"line":160,"column":3}},"line":153}},"branchMap":{"0":{"loc":{"start":{"line":32,"column":63},"end":{"line":32,"column":79}},"type":"default-arg","locations":[{"start":{"line":32,"column":75},"end":{"line":32,"column":79}}],"line":32},"1":{"loc":{"start":{"line":37,"column":50},"end":{"line":37,"column":71}},"type":"cond-expr","locations":[{"start":{"line":37,"column":62},"end":{"line":37,"column":65}},{"start":{"line":37,"column":68},"end":{"line":37,"column":71}}],"line":37},"2":{"loc":{"start":{"line":45,"column":4},"end":{"line":64,"column":5}},"type":"if","locations":[{"start":{"line":45,"column":4},"end":{"line":64,"column":5}},{"start":{},"end":{}}],"line":45},"3":{"loc":{"start":{"line":71,"column":42},"end":{"line":71,"column":73}},"type":"binary-expr","locations":[{"start":{"line":71,"column":42},"end":{"line":71,"column":51}},{"start":{"line":71,"column":55},"end":{"line":71,"column":73}}],"line":71},"4":{"loc":{"start":{"line":107,"column":8},"end":{"line":113,"column":9}},"type":"if","locations":[{"start":{"line":107,"column":8},"end":{"line":113,"column":9}},{"start":{"line":110,"column":15},"end":{"line":113,"column":9}}],"line":107},"5":{"loc":{"start":{"line":108,"column":28},"end":{"line":108,"column":61}},"type":"cond-expr","locations":[{"start":{"line":108,"column":45},"end":{"line":108,"column":52}},{"start":{"line":108,"column":55},"end":{"line":108,"column":61}}],"line":108},"6":{"loc":{"start":{"line":121,"column":49},"end":{"line":121,"column":61}},"type":"default-arg","locations":[{"start":{"line":121,"column":60},"end":{"line":121,"column":61}}],"line":121},"7":{"loc":{"start":{"line":123,"column":4},"end":{"line":123,"column":34}},"type":"if","locations":[{"start":{"line":123,"column":4},"end":{"line":123,"column":34}},{"start":{},"end":{}}],"line":123},"8":{"loc":{"start":{"line":127,"column":14},"end":{"line":129,"column":27}},"type":"cond-expr","locations":[{"start":{"line":128,"column":8},"end":{"line":128,"column":26}},{"start":{"line":129,"column":8},"end":{"line":129,"column":27}}],"line":127},"9":{"loc":{"start":{"line":189,"column":15},"end":{"line":189,"column":32}},"type":"cond-expr","locations":[{"start":{"line":189,"column":27},"end":{"line":189,"column":28}},{"start":{"line":189,"column":31},"end":{"line":189,"column":32}}],"line":189},"10":{"loc":{"start":{"line":195,"column":11},"end":{"line":195,"column":52}},"type":"cond-expr","locations":[{"start":{"line":195,"column":23},"end":{"line":195,"column":47}},{"start":{"line":195,"column":50},"end":{"line":195,"column":52}}],"line":195},"11":{"loc":{"start":{"line":210,"column":11},"end":{"line":212,"column":11}},"type":"binary-expr","locations":[{"start":{"line":210,"column":11},"end":{"line":210,"column":22}},{"start":{"line":211,"column":12},"end":{"line":211,"column":71}}],"line":210}},"s":{"0":1,"1":1,"2":0,"3":1,"4":0,"5":0,"6":0,"7":0,"8":0,"9":0,"10":0,"11":0,"12":0,"13":0,"14":0,"15":0,"16":0,"17":0,"18":0,"19":0,"20":0,"21":0,"22":0,"23":0,"24":0,"25":0,"26":0,"27":0,"28":0,"29":0,"30":0,"31":0,"32":0,"33":0,"34":0,"35":0,"36":0,"37":0,"38":0,"39":0,"40":0,"41":0,"42":1},"f":{"0":0,"1":0,"2":0,"3":0,"4":0,"5":0,"6":0,"7":0,"8":0,"9":0,"10":0},"b":{"0":[0],"1":[0,0],"2":[0,0],"3":[0,0],"4":[0,0],"5":[0,0],"6":[0],"7":[0,0],"8":[0,0],"9":[0,0],"10":[0,0],"11":[0,0]},"_coverageSchema":"1a1c01bbd47fc00a2c39e90264f33305004495a9","hash":"ea6bb9da0fc7ed84d4e01b35eeda5e45054d44ad"}
,"E:\\TRAVAIL\\ORACLE\\MovieSwipe\\src\\types\\index.ts": {"path":"E:\\TRAVAIL\\ORACLE\\MovieSwipe\\src\\types\\index.ts","statementMap":{},"fnMap":{},"branchMap":{},"s":{},"f":{},"b":{}}
,"E:\\TRAVAIL\\ORACLE\\MovieSwipe\\src\\utils\\animations.ts": {"path":"E:\\TRAVAIL\\ORACLE\\MovieSwipe\\src\\utils\\animations.ts","statementMap":{"0":{"start":{"line":4,"column":28},"end":{"line":4,"column":58}},"1":{"start":{"line":5,"column":29},"end":{"line":5,"column":60}},"2":{"start":{"line":8,"column":31},"end":{"line":8,"column":50}},"3":{"start":{"line":11,"column":34},"end":{"line":11,"column":67}},"4":{"start":{"line":14,"column":34},"end":{"line":14,"column":36}},"5":{"start":{"line":15,"column":33},"end":{"line":15,"column":52}},"6":{"start":{"line":16,"column":30},"end":{"line":16,"column":33}},"7":{"start":{"line":17,"column":34},"end":{"line":17,"column":37}},"8":{"start":{"line":20,"column":34},"end":{"line":32,"column":1}},"9":{"start":{"line":22,"column":15},"end":{"line":22,"column":29}},"10":{"start":{"line":23,"column":20},"end":{"line":23,"column":31}},"11":{"start":{"line":26,"column":2},"end":{"line":29,"column":3}},"12":{"start":{"line":27,"column":21},"end":{"line":27,"column":89}},"13":{"start":{"line":28,"column":4},"end":{"line":28,"column":65}},"14":{"start":{"line":31,"column":2},"end":{"line":31,"column":64}},"15":{"start":{"line":35,"column":30},"end":{"line":38,"column":1}},"16":{"start":{"line":37,"column":2},"end":{"line":37,"column":74}},"17":{"start":{"line":40,"column":33},"end":{"line":43,"column":1}},"18":{"start":{"line":42,"column":2},"end":{"line":42,"column":84}},"19":{"start":{"line":46,"column":28},"end":{"line":49,"column":1}},"20":{"start":{"line":48,"column":2},"end":{"line":48,"column":44}},"21":{"start":{"line":52,"column":29},"end":{"line":55,"column":1}},"22":{"start":{"line":54,"column":2},"end":{"line":54,"column":20}},"23":{"start":{"line":58,"column":35},"end":{"line":66,"column":1}},"24":{"start":{"line":62,"column":2},"end":{"line":65,"column":4}}},"fnMap":{"0":{"name":"(anonymous_0)","decl":{"start":{"line":20,"column":34},"end":{"line":20,"column":35}},"loc":{"start":{"line":20,"column":49},"end":{"line":32,"column":1}},"line":20},"1":{"name":"(anonymous_1)","decl":{"start":{"line":35,"column":30},"end":{"line":35,"column":31}},"loc":{"start":{"line":35,"column":45},"end":{"line":38,"column":1}},"line":35},"2":{"name":"(anonymous_2)","decl":{"start":{"line":40,"column":33},"end":{"line":40,"column":34}},"loc":{"start":{"line":40,"column":48},"end":{"line":43,"column":1}},"line":40},"3":{"name":"(anonymous_3)","decl":{"start":{"line":46,"column":28},"end":{"line":46,"column":29}},"loc":{"start":{"line":46,"column":47},"end":{"line":49,"column":1}},"line":46},"4":{"name":"(anonymous_4)","decl":{"start":{"line":52,"column":29},"end":{"line":52,"column":30}},"loc":{"start":{"line":52,"column":48},"end":{"line":55,"column":1}},"line":52},"5":{"name":"(anonymous_5)","decl":{"start":{"line":58,"column":35},"end":{"line":58,"column":36}},"loc":{"start":{"line":58,"column":63},"end":{"line":66,"column":1}},"line":58}},"branchMap":{"0":{"loc":{"start":{"line":11,"column":34},"end":{"line":11,"column":67}},"type":"cond-expr","locations":[{"start":{"line":11,"column":58},"end":{"line":11,"column":61}},{"start":{"line":11,"column":64},"end":{"line":11,"column":67}}],"line":11},"1":{"loc":{"start":{"line":22,"column":15},"end":{"line":22,"column":29}},"type":"cond-expr","locations":[{"start":{"line":22,"column":23},"end":{"line":22,"column":25}},{"start":{"line":22,"column":28},"end":{"line":22,"column":29}}],"line":22},"2":{"loc":{"start":{"line":26,"column":2},"end":{"line":29,"column":3}},"type":"if","locations":[{"start":{"line":26,"column":2},"end":{"line":29,"column":3}},{"start":{},"end":{}}],"line":26},"3":{"loc":{"start":{"line":37,"column":9},"end":{"line":37,"column":73}},"type":"cond-expr","locations":[{"start":{"line":37,"column":17},"end":{"line":37,"column":69}},{"start":{"line":37,"column":72},"end":{"line":37,"column":73}}],"line":37},"4":{"loc":{"start":{"line":42,"column":9},"end":{"line":42,"column":83}},"type":"cond-expr","locations":[{"start":{"line":42,"column":17},"end":{"line":42,"column":79}},{"start":{"line":42,"column":82},"end":{"line":42,"column":83}}],"line":42},"5":{"loc":{"start":{"line":63,"column":4},"end":{"line":64,"column":74}},"type":"binary-expr","locations":[{"start":{"line":63,"column":4},"end":{"line":63,"column":34}},{"start":{"line":64,"column":5},"end":{"line":64,"column":38}},{"start":{"line":64,"column":42},"end":{"line":64,"column":73}}],"line":63}},"s":{"0":1,"1":1,"2":1,"3":1,"4":1,"5":1,"6":1,"7":1,"8":1,"9":0,"10":0,"11":0,"12":0,"13":0,"14":0,"15":1,"16":0,"17":1,"18":0,"19":1,"20":0,"21":1,"22":0,"23":1,"24":0},"f":{"0":0,"1":0,"2":0,"3":0,"4":0,"5":0},"b":{"0":[1,0],"1":[0,0],"2":[0,0],"3":[0,0],"4":[0,0],"5":[0,0,0]},"_coverageSchema":"1a1c01bbd47fc00a2c39e90264f33305004495a9","hash":"70848cb3f641cb8b045bad292fe456aefa04cfc5"}
,"E:\\TRAVAIL\\ORACLE\\MovieSwipe\\src\\utils\\mockData.ts": {"path":"E:\\TRAVAIL\\ORACLE\\MovieSwipe\\src\\utils\\mockData.ts","statementMap":{"0":{"start":{"line":3,"column":36},"end":{"line":49,"column":1}}},"fnMap":{},"branchMap":{},"s":{"0":0},"f":{},"b":{}}
}
