TN:
SF:App.tsx
FN:9,App
FN:13,(anonymous_1)
FN:16,(anonymous_2)
FN:23,(anonymous_3)
FN:26,(anonymous_4)
FNF:5
FNH:0
FNDA:0,App
FNDA:0,(anonymous_1)
FNDA:0,(anonymous_2)
FNDA:0,(anonymous_3)
FNDA:0,(anonymous_4)
DA:10,0
DA:13,0
DA:14,0
DA:16,0
DA:17,0
DA:18,0
DA:23,0
DA:24,0
DA:26,0
DA:27,0
DA:28,0
DA:32,0
DA:55,0
LF:13
LH:0
BRDA:10,0,0,0
BRDA:10,0,1,0
BRDA:17,1,0,0
BRDA:17,1,1,0
BRDA:27,2,0,0
BRDA:27,2,1,0
BRDA:35,3,0,0
BRDA:35,3,1,0
BRF:8
BRH:0
end_of_record
TN:
SF:index.ts
FNF:0
FNH:0
DA:8,0
LF:1
LH:0
BRF:0
BRH:0
end_of_record
TN:
SF:src\components\MovieStack.tsx
FN:12,(anonymous_0)
FN:22,(anonymous_1)
FN:27,(anonymous_2)
FN:33,(anonymous_3)
FN:36,(anonymous_4)
FN:49,(anonymous_5)
FN:62,(anonymous_6)
FNF:7
FNH:0
FNDA:0,(anonymous_0)
FNDA:0,(anonymous_1)
FNDA:0,(anonymous_2)
FNDA:0,(anonymous_3)
FNDA:0,(anonymous_4)
FNDA:0,(anonymous_5)
FNDA:0,(anonymous_6)
DA:8,0
DA:9,0
DA:10,0
DA:12,0
DA:13,0
DA:16,0
DA:19,0
DA:22,0
DA:23,0
DA:27,0
DA:29,0
DA:30,0
DA:33,0
DA:36,0
DA:37,0
DA:41,0
DA:42,0
DA:43,0
DA:44,0
DA:49,0
DA:50,0
DA:52,0
DA:60,0
DA:64,0
DA:65,0
DA:66,0
DA:69,0
DA:72,0
DA:78,0
DA:85,0
DA:94,0
DA:109,0
DA:116,0
LF:33
LH:0
BRDA:29,0,0,0
BRDA:29,0,1,0
BRDA:41,1,0,0
BRDA:41,1,1,0
BRDA:43,2,0,0
BRDA:43,2,1,0
BRDA:50,3,0,0
BRDA:50,3,1,0
BRDA:87,4,0,0
BRDA:87,4,1,0
BRDA:88,5,0,0
BRDA:88,5,1,0
BRDA:90,6,0,0
BRDA:90,6,1,0
BRF:14
BRH:0
end_of_record
TN:
SF:src\components\SwipeCard.tsx
FN:32,(anonymous_0)
FN:44,(anonymous_1)
FN:68,(anonymous_2)
FN:71,(anonymous_3)
FN:74,(anonymous_4)
FN:86,(anonymous_5)
FN:98,(anonymous_6)
FN:117,(anonymous_7)
FN:121,(anonymous_8)
FN:146,(anonymous_9)
FN:153,(anonymous_10)
FNF:11
FNH:0
FNDA:0,(anonymous_0)
FNDA:0,(anonymous_1)
FNDA:0,(anonymous_2)
FNDA:0,(anonymous_3)
FNDA:0,(anonymous_4)
FNDA:0,(anonymous_5)
FNDA:0,(anonymous_6)
FNDA:0,(anonymous_7)
FNDA:0,(anonymous_8)
FNDA:0,(anonymous_9)
FNDA:0,(anonymous_10)
DA:25,1
DA:26,1
DA:29,0
DA:32,1
DA:34,0
DA:35,0
DA:36,0
DA:37,0
DA:40,0
DA:41,0
DA:44,0
DA:45,0
DA:47,0
DA:68,0
DA:69,0
DA:71,0
DA:75,0
DA:78,0
DA:88,0
DA:89,0
DA:91,0
DA:100,0
DA:107,0
DA:108,0
DA:109,0
DA:112,0
DA:117,0
DA:121,0
DA:123,0
DA:124,0
DA:127,0
DA:132,0
DA:135,0
DA:148,0
DA:153,0
DA:154,0
DA:163,0
DA:169,0
DA:176,0
DA:187,0
DA:192,0
DA:219,1
LF:42
LH:4
BRDA:32,0,0,0
BRDA:37,1,0,0
BRDA:37,1,1,0
BRDA:45,2,0,0
BRDA:45,2,1,0
BRDA:71,3,0,0
BRDA:71,3,1,0
BRDA:107,4,0,0
BRDA:107,4,1,0
BRDA:108,5,0,0
BRDA:108,5,1,0
BRDA:121,6,0,0
BRDA:123,7,0,0
BRDA:123,7,1,0
BRDA:127,8,0,0
BRDA:127,8,1,0
BRDA:189,9,0,0
BRDA:189,9,1,0
BRDA:195,10,0,0
BRDA:195,10,1,0
BRDA:210,11,0,0
BRDA:210,11,1,0
BRF:22
BRH:0
end_of_record
TN:
SF:src\types\index.ts
FNF:0
FNH:0
LF:0
LH:0
BRF:0
BRH:0
end_of_record
TN:
SF:src\utils\animations.ts
FN:20,(anonymous_0)
FN:35,(anonymous_1)
FN:40,(anonymous_2)
FN:46,(anonymous_3)
FN:52,(anonymous_4)
FN:58,(anonymous_5)
FNF:6
FNH:0
FNDA:0,(anonymous_0)
FNDA:0,(anonymous_1)
FNDA:0,(anonymous_2)
FNDA:0,(anonymous_3)
FNDA:0,(anonymous_4)
FNDA:0,(anonymous_5)
DA:4,1
DA:5,1
DA:8,1
DA:11,1
DA:14,1
DA:15,1
DA:16,1
DA:17,1
DA:20,1
DA:22,0
DA:23,0
DA:26,0
DA:27,0
DA:28,0
DA:31,0
DA:35,1
DA:37,0
DA:40,1
DA:42,0
DA:46,1
DA:48,0
DA:52,1
DA:54,0
DA:58,1
DA:62,0
LF:25
LH:14
BRDA:11,0,0,1
BRDA:11,0,1,0
BRDA:22,1,0,0
BRDA:22,1,1,0
BRDA:26,2,0,0
BRDA:26,2,1,0
BRDA:37,3,0,0
BRDA:37,3,1,0
BRDA:42,4,0,0
BRDA:42,4,1,0
BRDA:63,5,0,0
BRDA:63,5,1,0
BRDA:63,5,2,0
BRF:13
BRH:1
end_of_record
TN:
SF:src\utils\mockData.ts
FNF:0
FNH:0
DA:3,0
LF:1
LH:0
BRF:0
BRH:0
end_of_record
